<?xml version="1.0" encoding="UTF-8"?>
<testsuite name="com.agnes.nexus.core.domain.services.ResonanceROIServiceTest" tests="53" skipped="0" failures="1" errors="0" timestamp="2026-03-31T13:45:01.152Z" hostname="raj-13766" time="0.007">
  <properties/>
  <testcase name="friction tier LOW for score 0 to 3[js, node]" classname="com.agnes.nexus.core.domain.services.ResonanceROIServiceTest" time="0.0"/>
  <testcase name="friction tier LOW at boundary value 3[js, node]" classname="com.agnes.nexus.core.domain.services.ResonanceROIServiceTest" time="0.0"/>
  <testcase name="friction tier MODERATE for score 4 to 6[js, node]" classname="com.agnes.nexus.core.domain.services.ResonanceROIServiceTest" time="0.001"/>
  <testcase name="friction tier MODERATE at boundary value 4[js, node]" classname="com.agnes.nexus.core.domain.services.ResonanceROIServiceTest" time="0.0"/>
  <testcase name="friction tier MODERATE at boundary value 6[js, node]" classname="com.agnes.nexus.core.domain.services.ResonanceROIServiceTest" time="0.0">
    <failure message="AssertionError: Expected value to be true." type="AssertionError">AssertionError: Expected value to be true.
	at DefaultJsAsserter.protoOf.assertTrue_rpw5fg(/Users/raj-13766/Desktop/nexus/cortex-logic/build/compileSync/js/test/testDevelopmentExecutable/kotlin/js/src/main/kotlin/kotlin/test/JsImpl.kt:23)
	at DefaultJsAsserter.protoOf.assertTrue_dqb114(/Users/raj-13766/Desktop/nexus/cortex-logic/build/compileSync/js/test/testDevelopmentExecutable/kotlin/js/src/main/kotlin/kotlin/test/DefaultJsAsserter.kt:67)
	at &lt;global&gt;.assertTrue(/Users/raj-13766/Desktop/nexus/cortex-logic/build/compileSync/js/test/testDevelopmentExecutable/kotlin/common/src/main/kotlin/kotlin/test/Assertions.kt:44)
	at ResonanceROIServiceTest.protoOf.friction_tier_MODERATE_at_boundary_value_6_abw3xz(/Users/raj-13766/Desktop/nexus/cortex-logic/src/commonTest/kotlin/com/agnes/nexus/core/domain/services/ResonanceROIServiceTest.kt:240)
	at &lt;global&gt;.fn(kotlin/cortex-test.js:19601)
	at Context.&lt;anonymous&gt;(/Users/raj-13766/Desktop/nexus/cortex-logic/build/js/node_modules/kotlin-web-helpers/src/KotlinTestTeamCityConsoleAdapter.ts:72)
	at &lt;global&gt;.processImmediate(node:internal/timers:478)
</failure>
  </testcase>
  <testcase name="friction tier ELEVATED for score 7 to 8[js, node]" classname="com.agnes.nexus.core.domain.services.ResonanceROIServiceTest" time="0.0"/>
  <testcase name="friction tier ELEVATED at boundary value 7[js, node]" classname="com.agnes.nexus.core.domain.services.ResonanceROIServiceTest" time="0.0"/>
  <testcase name="friction tier ELEVATED at boundary value 8[js, node]" classname="com.agnes.nexus.core.domain.services.ResonanceROIServiceTest" time="0.0"/>
  <testcase name="friction tier CRITICAL for score 9 to 10[js, node]" classname="com.agnes.nexus.core.domain.services.ResonanceROIServiceTest" time="0.0"/>
  <testcase name="friction tier CRITICAL at boundary value 9[js, node]" classname="com.agnes.nexus.core.domain.services.ResonanceROIServiceTest" time="0.0"/>
  <testcase name="zero income returns critical tier with max friction[js, node]" classname="com.agnes.nexus.core.domain.services.ResonanceROIServiceTest" time="0.0"/>
  <testcase name="negative income returns critical tier with max friction[js, node]" classname="com.agnes.nexus.core.domain.services.ResonanceROIServiceTest" time="0.0"/>
  <testcase name="no debt results in zero debt component[js, node]" classname="com.agnes.nexus.core.domain.services.ResonanceROIServiceTest" time="0.0"/>
  <testcase name="high debt results in higher friction[js, node]" classname="com.agnes.nexus.core.domain.services.ResonanceROIServiceTest" time="0.0"/>
  <testcase name="very high debt caps debt component at 10[js, node]" classname="com.agnes.nexus.core.domain.services.ResonanceROIServiceTest" time="0.001"/>
  <testcase name="balanced budget with expenses less than income[js, node]" classname="com.agnes.nexus.core.domain.services.ResonanceROIServiceTest" time="0.0"/>
  <testcase name="negative cash flow with expenses exceeding income[js, node]" classname="com.agnes.nexus.core.domain.services.ResonanceROIServiceTest" time="0.0"/>
  <testcase name="savings goals with full progress result in zero savings gap[js, node]" classname="com.agnes.nexus.core.domain.services.ResonanceROIServiceTest" time="0.0"/>
  <testcase name="savings goals with zero progress result in max savings gap[js, node]" classname="com.agnes.nexus.core.domain.services.ResonanceROIServiceTest" time="0.0"/>
  <testcase name="savings goals with partial progress[js, node]" classname="com.agnes.nexus.core.domain.services.ResonanceROIServiceTest" time="0.0"/>
  <testcase name="multiple savings goals aggregate correctly[js, node]" classname="com.agnes.nexus.core.domain.services.ResonanceROIServiceTest" time="0.0"/>
  <testcase name="no savings goals results in zero savings gap[js, node]" classname="com.agnes.nexus.core.domain.services.ResonanceROIServiceTest" time="0.0"/>
  <testcase name="ROI is inverted from friction[js, node]" classname="com.agnes.nexus.core.domain.services.ResonanceROIServiceTest" time="0.0"/>
  <testcase name="ROI with maximum friction is zero[js, node]" classname="com.agnes.nexus.core.domain.services.ResonanceROIServiceTest" time="0.0"/>
  <testcase name="ROI scales linearly with friction[js, node]" classname="com.agnes.nexus.core.domain.services.ResonanceROIServiceTest" time="0.0"/>
  <testcase name="plan adherence boost adds 0_1 to ROI[js, node]" classname="com.agnes.nexus.core.domain.services.ResonanceROIServiceTest" time="0.0"/>
  <testcase name="plan adherence boost with 10 percent tolerance[js, node]" classname="com.agnes.nexus.core.domain.services.ResonanceROIServiceTest" time="0.0"/>
  <testcase name="no plan adherence boost when exceeding budget beyond tolerance[js, node]" classname="com.agnes.nexus.core.domain.services.ResonanceROIServiceTest" time="0.0"/>
  <testcase name="ROI clamped to 1_0 maximum[js, node]" classname="com.agnes.nexus.core.domain.services.ResonanceROIServiceTest" time="0.0"/>
  <testcase name="ROI clamped to 0_0 minimum[js, node]" classname="com.agnes.nexus.core.domain.services.ResonanceROIServiceTest" time="0.0"/>
  <testcase name="no active plan results in no boost[js, node]" classname="com.agnes.nexus.core.domain.services.ResonanceROIServiceTest" time="0.001"/>
  <testcase name="inactive plan status results in no boost[js, node]" classname="com.agnes.nexus.core.domain.services.ResonanceROIServiceTest" time="0.0"/>
  <testcase name="active plan ID with no matching plan results in no boost[js, node]" classname="com.agnes.nexus.core.domain.services.ResonanceROIServiceTest" time="0.0"/>
  <testcase name="empty profile with only defaults[js, node]" classname="com.agnes.nexus.core.domain.services.ResonanceROIServiceTest" time="0.0"/>
  <testcase name="negative expense amounts handled gracefully[js, node]" classname="com.agnes.nexus.core.domain.services.ResonanceROIServiceTest" time="0.0"/>
  <testcase name="negative debt balance handled gracefully[js, node]" classname="com.agnes.nexus.core.domain.services.ResonanceROIServiceTest" time="0.0"/>
  <testcase name="very large income value[js, node]" classname="com.agnes.nexus.core.domain.services.ResonanceROIServiceTest" time="0.0"/>
  <testcase name="very large debt value[js, node]" classname="com.agnes.nexus.core.domain.services.ResonanceROIServiceTest" time="0.0"/>
  <testcase name="very small positive income[js, node]" classname="com.agnes.nexus.core.domain.services.ResonanceROIServiceTest" time="0.001"/>
  <testcase name="savings goal with zero target treated as no gap[js, node]" classname="com.agnes.nexus.core.domain.services.ResonanceROIServiceTest" time="0.0"/>
  <testcase name="non-savings type goals are ignored[js, node]" classname="com.agnes.nexus.core.domain.services.ResonanceROIServiceTest" time="0.0"/>
  <testcase name="savings goal exceeding target is clamped[js, node]" classname="com.agnes.nexus.core.domain.services.ResonanceROIServiceTest" time="0.0"/>
  <testcase name="analysis text for LOW tier[js, node]" classname="com.agnes.nexus.core.domain.services.ResonanceROIServiceTest" time="0.0"/>
  <testcase name="analysis text for MODERATE tier[js, node]" classname="com.agnes.nexus.core.domain.services.ResonanceROIServiceTest" time="0.0"/>
  <testcase name="analysis text for ELEVATED tier[js, node]" classname="com.agnes.nexus.core.domain.services.ResonanceROIServiceTest" time="0.0"/>
  <testcase name="analysis text for CRITICAL tier[js, node]" classname="com.agnes.nexus.core.domain.services.ResonanceROIServiceTest" time="0.001"/>
  <testcase name="analysis includes plan suggestion when no active plan[js, node]" classname="com.agnes.nexus.core.domain.services.ResonanceROIServiceTest" time="0.0"/>
  <testcase name="analysis mentions active plan when present[js, node]" classname="com.agnes.nexus.core.domain.services.ResonanceROIServiceTest" time="0.0"/>
  <testcase name="verify friction formula weights sum to 1[js, node]" classname="com.agnes.nexus.core.domain.services.ResonanceROIServiceTest" time="0.0"/>
  <testcase name="debt to income ratio contributes 40 percent to friction[js, node]" classname="com.agnes.nexus.core.domain.services.ResonanceROIServiceTest" time="0.0"/>
  <testcase name="expense ratio contributes 40 percent to friction[js, node]" classname="com.agnes.nexus.core.domain.services.ResonanceROIServiceTest" time="0.0"/>
  <testcase name="savings gap contributes 20 percent to friction[js, node]" classname="com.agnes.nexus.core.domain.services.ResonanceROIServiceTest" time="0.0"/>
  <testcase name="all components at max yield friction 10[js, node]" classname="com.agnes.nexus.core.domain.services.ResonanceROIServiceTest" time="0.0"/>
  <system-out><![CDATA[]]></system-out>
  <system-err><![CDATA[]]></system-err>
</testsuite>
