<?xml version="1.0" encoding="UTF-8"?>
<testsuite name="com.agnes.nexus.core.engine.personas.LedgerPersonaPromptCatalogTest" tests="2" skipped="0" failures="1" errors="0" timestamp="2026-03-31T13:45:01.166Z" hostname="raj-13766" time="0.0">
  <properties/>
  <testcase name="ledger prompt exists[js, node]" classname="com.agnes.nexus.core.engine.personas.LedgerPersonaPromptCatalogTest" time="0.0"/>
  <testcase name="ledger prompt includes investment advice constraint[js, node]" classname="com.agnes.nexus.core.engine.personas.LedgerPersonaPromptCatalogTest" time="0.0">
    <failure message="AssertionError: Ledger prompt should forbid investment advice" type="AssertionError">AssertionError: Ledger prompt should forbid investment advice
	at DefaultJsAsserter.protoOf.assertTrue_rpw5fg(/Users/raj-13766/Desktop/nexus/cortex-logic/build/compileSync/js/test/testDevelopmentExecutable/kotlin/js/src/main/kotlin/kotlin/test/JsImpl.kt:23)
	at DefaultJsAsserter.protoOf.assertTrue_dqb114(/Users/raj-13766/Desktop/nexus/cortex-logic/build/compileSync/js/test/testDevelopmentExecutable/kotlin/js/src/main/kotlin/kotlin/test/DefaultJsAsserter.kt:67)
	at &lt;global&gt;.assertTrue(/Users/raj-13766/Desktop/nexus/cortex-logic/build/compileSync/js/test/testDevelopmentExecutable/kotlin/common/src/main/kotlin/kotlin/test/Assertions.kt:44)
	at LedgerPersonaPromptCatalogTest.protoOf.ledger_prompt_includes_investment_advice_constraint_cr8v7s(/Users/raj-13766/Desktop/nexus/cortex-logic/src/commonTest/kotlin/com/agnes/nexus/core/engine/personas/LedgerPersonaPromptCatalogTest.kt:20)
	at &lt;global&gt;.fn(kotlin/cortex-test.js:20347)
	at Context.&lt;anonymous&gt;(/Users/raj-13766/Desktop/nexus/cortex-logic/build/js/node_modules/kotlin-web-helpers/src/KotlinTestTeamCityConsoleAdapter.ts:72)
	at &lt;global&gt;.processImmediate(node:internal/timers:478)
</failure>
  </testcase>
  <system-out><![CDATA[]]></system-out>
  <system-err><![CDATA[]]></system-err>
</testsuite>
