<?xml version="1.0" encoding="UTF-8"?>
<testsuite name="com.agnes.nexus.core.domain.services.titan.TitanPromptBuilderTest" tests="4" skipped="0" failures="0" errors="0" timestamp="2026-03-31T13:45:01.162Z" hostname="raj-13766" time="0.002">
  <properties/>
  <testcase name="trainingPrompt_containsKeySectionsInOrder[js, node]" classname="com.agnes.nexus.core.domain.services.titan.TitanPromptBuilderTest" time="0.001"/>
  <testcase name="trainingPrompt_includesRecoveryBlockWhenScoreProvided[js, node]" classname="com.agnes.nexus.core.domain.services.titan.TitanPromptBuilderTest" time="0.0"/>
  <testcase name="medicalPrompt_usesMedicalModeAndMedicalRules[js, node]" classname="com.agnes.nexus.core.domain.services.titan.TitanPromptBuilderTest" time="0.001"/>
  <testcase name="trainingPrompt_includesExpectedActionGuidanceSections[js, node]" classname="com.agnes.nexus.core.domain.services.titan.TitanPromptBuilderTest" time="0.0"/>
  <system-out><![CDATA[]]></system-out>
  <system-err><![CDATA[]]></system-err>
</testsuite>
