<?xml version="1.0" encoding="UTF-8"?>
<testsuite name="com.agnes.nexus.core.domain.services.CommandIntelligenceServiceTest" tests="6" skipped="0" failures="0" errors="0" timestamp="2026-03-31T13:45:01.113Z" hostname="raj-13766" time="0.014">
  <properties/>
  <testcase name="parse_multiIntentPlanning_keepsIntentOrderAndTemporal[js, node]" classname="com.agnes.nexus.core.domain.services.CommandIntelligenceServiceTest" time="0.008"/>
  <testcase name="parse_emotionalSupportRoutesToAgnes[js, node]" classname="com.agnes.nexus.core.domain.services.CommandIntelligenceServiceTest" time="0.002"/>
  <testcase name="parse_vocativeMentionTracksMentionSeparately[js, node]" classname="com.agnes.nexus.core.domain.services.CommandIntelligenceServiceTest" time="0.001"/>
  <testcase name="parse_detectsConsultativeAndOwnershipMentions[js, node]" classname="com.agnes.nexus.core.domain.services.CommandIntelligenceServiceTest" time="0.001"/>
  <testcase name="parseWithLlm_acceptsLlmSchemaAndNormalizesFields[js, node]" classname="com.agnes.nexus.core.domain.services.CommandIntelligenceServiceTest" time="0.001"/>
  <testcase name="parseWithLlm_fallsBackWhenGeneratorFails[js, node]" classname="com.agnes.nexus.core.domain.services.CommandIntelligenceServiceTest" time="0.001"/>
  <system-out><![CDATA[]]></system-out>
  <system-err><![CDATA[]]></system-err>
</testsuite>
