<?xml version="1.0" encoding="UTF-8"?>
<testsuite name="com.agnes.nexus.core.domain.services.atlas.AtlasPromptBuilderTest" tests="2" skipped="0" failures="0" errors="0" timestamp="2026-03-31T13:45:01.161Z" hostname="raj-13766" time="0.001">
  <properties/>
  <testcase name="generalPrompt_includesLiveDataMarkerAndEnergyBudgetInOrder[js, node]" classname="com.agnes.nexus.core.domain.services.atlas.AtlasPromptBuilderTest" time="0.001"/>
  <testcase name="generalPrompt_includesGoalAndTaskTitles[js, node]" classname="com.agnes.nexus.core.domain.services.atlas.AtlasPromptBuilderTest" time="0.0"/>
  <system-out><![CDATA[]]></system-out>
  <system-err><![CDATA[]]></system-err>
</testsuite>
