<?xml version="1.0" encoding="UTF-8"?>
<testsuite name="com.agnes.nexus.core.domain.actions.AgnesActionsTest" tests="22" skipped="0" failures="0" errors="0" timestamp="2026-03-31T13:45:00.928Z" hostname="raj-13766" time="0.016">
  <properties/>
  <testcase name="updateEmotionalResilience_updatesNsvWhenNotEphemeral[js, node]" classname="com.agnes.nexus.core.domain.actions.AgnesActionsTest" time="0.001"/>
  <testcase name="updateEmotionalResilience_ignoresEphemeralPolicy[js, node]" classname="com.agnes.nexus.core.domain.actions.AgnesActionsTest" time="0.0"/>
  <testcase name="updateEmotionalResilience_emitsBurnoutWarningWhenScoreLowThan3[js, node]" classname="com.agnes.nexus.core.domain.actions.AgnesActionsTest" time="0.0"/>
  <testcase name="updateEmotionalResilience_doesNotEmitBurnoutWarningWhenScoreHigh[js, node]" classname="com.agnes.nexus.core.domain.actions.AgnesActionsTest" time="0.001"/>
  <testcase name="updateStressLoad_updatesNsvWhenNotEphemeral[js, node]" classname="com.agnes.nexus.core.domain.actions.AgnesActionsTest" time="0.0"/>
  <testcase name="updateStressLoad_ignoresEphemeralPolicy[js, node]" classname="com.agnes.nexus.core.domain.actions.AgnesActionsTest" time="0.001"/>
  <testcase name="updateStressLoad_emitsCompoundStressWhenScoreGreaterThan8[js, node]" classname="com.agnes.nexus.core.domain.actions.AgnesActionsTest" time="0.0"/>
  <testcase name="updateStressLoad_emitsVitalUpdatedWhenScoreBetween6And8[js, node]" classname="com.agnes.nexus.core.domain.actions.AgnesActionsTest" time="0.001"/>
  <testcase name="updateMoodTrend_updatesNsvWhenNotEphemeral[js, node]" classname="com.agnes.nexus.core.domain.actions.AgnesActionsTest" time="0.001"/>
  <testcase name="updateMoodTrend_ignoresEphemeralPolicy[js, node]" classname="com.agnes.nexus.core.domain.actions.AgnesActionsTest" time="0.0"/>
  <testcase name="updateMoodTrend_alwaysEmitsVitalUpdatedEvent[js, node]" classname="com.agnes.nexus.core.domain.actions.AgnesActionsTest" time="0.001"/>
  <testcase name="updateTraumaMarkers_updatesNsvWhenNotEphemeral[js, node]" classname="com.agnes.nexus.core.domain.actions.AgnesActionsTest" time="0.001"/>
  <testcase name="updateTraumaMarkers_ignoresEphemeralPolicy[js, node]" classname="com.agnes.nexus.core.domain.actions.AgnesActionsTest" time="0.0"/>
  <testcase name="updateTraumaMarkers_handlesEmptyMarkers[js, node]" classname="com.agnes.nexus.core.domain.actions.AgnesActionsTest" time="0.001"/>
  <testcase name="crisisFlag_emitsCrisisDetectedEvent[js, node]" classname="com.agnes.nexus.core.domain.actions.AgnesActionsTest" time="0.0"/>
  <testcase name="crisisFlag_usesDefaultValuesForMissingFields[js, node]" classname="com.agnes.nexus.core.domain.actions.AgnesActionsTest" time="0.0"/>
  <testcase name="crisisFlag_emitsWithCorrectPriority[js, node]" classname="com.agnes.nexus.core.domain.actions.AgnesActionsTest" time="0.001"/>
  <testcase name="updateBeliefGraph_savesBeliefGraphWhenDataLayerAndVaultAvailable[js, node]" classname="com.agnes.nexus.core.domain.actions.AgnesActionsTest" time="0.002"/>
  <testcase name="updateBeliefGraph_returnsEarlyWhenMissingUserId[js, node]" classname="com.agnes.nexus.core.domain.actions.AgnesActionsTest" time="0.0"/>
  <testcase name="updateBeliefGraph_returnsEarlyWhenMissingEncryptionKey[js, node]" classname="com.agnes.nexus.core.domain.actions.AgnesActionsTest" time="0.001"/>
  <testcase name="updateBeliefGraph_returnsEarlyWhenDataLayerUnavailable[js, node]" classname="com.agnes.nexus.core.domain.actions.AgnesActionsTest" time="0.001"/>
  <testcase name="updateBeliefGraph_usesVaultToEncrypt[js, node]" classname="com.agnes.nexus.core.domain.actions.AgnesActionsTest" time="0.001"/>
  <system-out><![CDATA[]]></system-out>
  <system-err><![CDATA[]]></system-err>
</testsuite>
