<?xml version="1.0" encoding="UTF-8"?>
<testsuite name="com.agnes.nexus.core.domain.services.DefaultGlobalProjectionServiceRecoveryTest" tests="2" skipped="0" failures="0" errors="0" timestamp="2026-03-31T13:45:01.127Z" hostname="raj-13766" time="0.004">
  <properties/>
  <testcase name="observeProjection_preservesActiveDebtUntilRecoveryThreshold[js, node]" classname="com.agnes.nexus.core.domain.services.DefaultGlobalProjectionServiceRecoveryTest" time="0.003"/>
  <testcase name="observeProjection_clearsDebtWhenRecoveryThresholdIsReached[js, node]" classname="com.agnes.nexus.core.domain.services.DefaultGlobalProjectionServiceRecoveryTest" time="0.001"/>
  <system-out><![CDATA[]]></system-out>
  <system-err><![CDATA[]]></system-err>
</testsuite>
