<?xml version="1.0" encoding="UTF-8"?>
<testsuite name="com.agnes.nexus.core.engine.personas.SomaPersonaPromptCatalogTest" tests="2" skipped="0" failures="0" errors="0" timestamp="2026-03-31T13:45:01.167Z" hostname="raj-13766" time="0.0">
  <properties/>
  <testcase name="soma prompt exists and contains medical safety constraints[js, node]" classname="com.agnes.nexus.core.engine.personas.SomaPersonaPromptCatalogTest" time="0.0"/>
  <testcase name="soma prompt contains parse_lab_report action tag[js, node]" classname="com.agnes.nexus.core.engine.personas.SomaPersonaPromptCatalogTest" time="0.0"/>
  <system-out><![CDATA[]]></system-out>
  <system-err><![CDATA[]]></system-err>
</testsuite>
