<?xml version="1.0" encoding="UTF-8"?>
<testsuite name="com.agnes.nexus.core.domain.actions.ForgeActionsTest" tests="15" skipped="0" failures="7" errors="0" timestamp="2026-03-31T13:45:00.944Z" hostname="raj-13766" time="0.102">
  <properties/>
  <testcase name="completeForgeOnboarding_emitsOnboardingCompletedEvent[js, node]" classname="com.agnes.nexus.core.domain.actions.ForgeActionsTest" time="0.001"/>
  <testcase name="createArtifact_emitsForgeArtifactCreatedEvent[js, node]" classname="com.agnes.nexus.core.domain.actions.ForgeActionsTest" time="0.081">
    <failure message="AssertionError: Expected &lt;my-script.js&gt;, actual &lt;null&gt;." type="AssertionError">AssertionError: Expected &lt;my-script.js&gt;, actual &lt;null&gt;.
	at DefaultJsAsserter.protoOf.assertTrue_rpw5fg(/Users/raj-13766/Desktop/nexus/cortex-logic/build/compileSync/js/test/testDevelopmentExecutable/kotlin/js/src/main/kotlin/kotlin/test/JsImpl.kt:23)
	at DefaultJsAsserter.assertEquals(/Users/raj-13766/Desktop/nexus/cortex-logic/build/compileSync/js/test/testDevelopmentExecutable/kotlin/common/src/main/kotlin/kotlin/test/Assertions.kt:713)
	at DefaultJsAsserter.protoOf.assertEquals_ldumo(/Users/raj-13766/Desktop/nexus/cortex-logic/build/compileSync/js/test/testDevelopmentExecutable/kotlin/js/src/main/kotlin/kotlin/test/DefaultJsAsserter.kt:27)
	at &lt;global&gt;.assertEquals(/Users/raj-13766/Desktop/nexus/cortex-logic/build/compileSync/js/test/testDevelopmentExecutable/kotlin/common/src/main/kotlin/kotlin/test/Assertions.kt:63)
	at slambda.protoOf.doResume_5yljmg(/Users/raj-13766/Desktop/nexus/cortex-logic/src/commonTest/kotlin/com/agnes/nexus/core/domain/actions/ForgeActionsTest.kt:179)
	at slambda.protoOf.invoke_blawzt(kotlin/cortex-test.js:5940)
	at slambda.$testBody(kotlin/cortex-test.js:6016)
	at slambda.protoOf.doResume_5yljmg(/mnt/agent/work/44ec6e850d5c63f0/kotlinx-coroutines-test/common/src/TestBuilders.kt:318)
	at slambda.protoOf.resumeWith_b9cu3x(/Users/raj-13766/Desktop/nexus/cortex-logic/build/compileSync/js/test/testDevelopmentExecutable/kotlin/js/src/kotlin/coroutines/CoroutineImpl.kt:42)
	at slambda.protoOf.resumeWith_dtxwbr(kotlin/kotlin-kotlin-stdlib.js:9869)
	at DispatchedContinuation.protoOf.run_mvkpxh(/Users/raj-13766/Desktop/nexus/cortex-logic/build/compileSync/js/test/testDevelopmentExecutable/kotlin/src/kotlin/coroutines/Continuation.kt:45)
	at StandardTestDispatcherImpl.protoOf.processEvent_53mmqp(/mnt/agent/work/44ec6e850d5c63f0/kotlinx-coroutines-test/common/src/TestDispatcher.kt:24)
	at TestCoroutineScheduler.protoOf.tryRunNextTaskUnless_463vnb(/mnt/agent/work/44ec6e850d5c63f0/kotlinx-coroutines-test/common/src/TestCoroutineScheduler.kt:99)
	at slambda_1.protoOf.doResume_5yljmg(/mnt/agent/work/44ec6e850d5c63f0/kotlinx-coroutines-test/common/src/TestBuilders.kt:327)
	at slambda_1.protoOf.invoke_d9fzmj(kotlin/kotlinx-coroutines-test.js:411)
	at &lt;global&gt;.l(kotlin/kotlinx-coroutines-test.js:487)
	at 1.protoOf.doResume_5yljmg(/Users/raj-13766/Desktop/nexus/cortex-logic/build/compileSync/js/test/testDevelopmentExecutable/kotlin/js/src/kotlin/coroutines/intrinsics/IntrinsicsJs.kt:194)
	at 1.protoOf.resumeWith_b9cu3x(/Users/raj-13766/Desktop/nexus/cortex-logic/build/compileSync/js/test/testDevelopmentExecutable/kotlin/js/src/kotlin/coroutines/CoroutineImpl.kt:42)
	at 1.protoOf.resumeWith_dtxwbr(kotlin/kotlin-kotlin-stdlib.js:9869)
	at DispatchedContinuation.protoOf.run_mvkpxh(/Users/raj-13766/Desktop/nexus/cortex-logic/build/compileSync/js/test/testDevelopmentExecutable/kotlin/src/kotlin/coroutines/Continuation.kt:45)
	at ScheduledMessageQueue.protoOf.process_myqcf5(/mnt/agent/work/44ec6e850d5c63f0/kotlinx-coroutines-core/jsAndWasmJsShared/src/internal/JSDispatcher.kt:127)
	at &lt;global&gt;.&lt;unknown&gt;(/mnt/agent/work/44ec6e850d5c63f0/kotlinx-coroutines-core/js/src/JSDispatcher.kt:21)
	at &lt;global&gt;.processTicksAndRejections(node:internal/process/task_queues:77)
</failure>
  </testcase>
  <testcase name="createArtifact_withNoUserId_doesNotEmitEvent[js, node]" classname="com.agnes.nexus.core.domain.actions.ForgeActionsTest" time="0.001"/>
  <testcase name="updateArtifact_withNoMatchingArtifact_doesNotEmitEvent[js, node]" classname="com.agnes.nexus.core.domain.actions.ForgeActionsTest" time="0.001"/>
  <testcase name="runTests_emitsForgeExecutionCompletedEvent[js, node]" classname="com.agnes.nexus.core.domain.actions.ForgeActionsTest" time="0.002">
    <failure message="AssertionError: Expected &lt;queued&gt;, actual &lt;null&gt;." type="AssertionError">AssertionError: Expected &lt;queued&gt;, actual &lt;null&gt;.
	at DefaultJsAsserter.protoOf.assertTrue_rpw5fg(/Users/raj-13766/Desktop/nexus/cortex-logic/build/compileSync/js/test/testDevelopmentExecutable/kotlin/js/src/main/kotlin/kotlin/test/JsImpl.kt:23)
	at DefaultJsAsserter.assertEquals(/Users/raj-13766/Desktop/nexus/cortex-logic/build/compileSync/js/test/testDevelopmentExecutable/kotlin/common/src/main/kotlin/kotlin/test/Assertions.kt:713)
	at DefaultJsAsserter.protoOf.assertEquals_ldumo(/Users/raj-13766/Desktop/nexus/cortex-logic/build/compileSync/js/test/testDevelopmentExecutable/kotlin/js/src/main/kotlin/kotlin/test/DefaultJsAsserter.kt:27)
	at &lt;global&gt;.assertEquals(/Users/raj-13766/Desktop/nexus/cortex-logic/build/compileSync/js/test/testDevelopmentExecutable/kotlin/common/src/main/kotlin/kotlin/test/Assertions.kt:63)
	at slambda.protoOf.doResume_5yljmg(/Users/raj-13766/Desktop/nexus/cortex-logic/src/commonTest/kotlin/com/agnes/nexus/core/domain/actions/ForgeActionsTest.kt:237)
	at slambda.protoOf.invoke_blawzt(kotlin/cortex-test.js:6208)
	at slambda.$testBody(kotlin/cortex-test.js:6283)
	at slambda.protoOf.doResume_5yljmg(/mnt/agent/work/44ec6e850d5c63f0/kotlinx-coroutines-test/common/src/TestBuilders.kt:318)
	at slambda.protoOf.resumeWith_b9cu3x(/Users/raj-13766/Desktop/nexus/cortex-logic/build/compileSync/js/test/testDevelopmentExecutable/kotlin/js/src/kotlin/coroutines/CoroutineImpl.kt:42)
	at slambda.protoOf.resumeWith_dtxwbr(kotlin/kotlin-kotlin-stdlib.js:9869)
	at DispatchedContinuation.protoOf.run_mvkpxh(/Users/raj-13766/Desktop/nexus/cortex-logic/build/compileSync/js/test/testDevelopmentExecutable/kotlin/src/kotlin/coroutines/Continuation.kt:45)
	at StandardTestDispatcherImpl.protoOf.processEvent_53mmqp(/mnt/agent/work/44ec6e850d5c63f0/kotlinx-coroutines-test/common/src/TestDispatcher.kt:24)
	at TestCoroutineScheduler.protoOf.tryRunNextTaskUnless_463vnb(/mnt/agent/work/44ec6e850d5c63f0/kotlinx-coroutines-test/common/src/TestCoroutineScheduler.kt:99)
	at slambda_1.protoOf.doResume_5yljmg(/mnt/agent/work/44ec6e850d5c63f0/kotlinx-coroutines-test/common/src/TestBuilders.kt:327)
	at slambda_1.protoOf.invoke_d9fzmj(kotlin/kotlinx-coroutines-test.js:411)
	at &lt;global&gt;.l(kotlin/kotlinx-coroutines-test.js:487)
	at 1.protoOf.doResume_5yljmg(/Users/raj-13766/Desktop/nexus/cortex-logic/build/compileSync/js/test/testDevelopmentExecutable/kotlin/js/src/kotlin/coroutines/intrinsics/IntrinsicsJs.kt:194)
	at 1.protoOf.resumeWith_b9cu3x(/Users/raj-13766/Desktop/nexus/cortex-logic/build/compileSync/js/test/testDevelopmentExecutable/kotlin/js/src/kotlin/coroutines/CoroutineImpl.kt:42)
	at 1.protoOf.resumeWith_dtxwbr(kotlin/kotlin-kotlin-stdlib.js:9869)
	at DispatchedContinuation.protoOf.run_mvkpxh(/Users/raj-13766/Desktop/nexus/cortex-logic/build/compileSync/js/test/testDevelopmentExecutable/kotlin/src/kotlin/coroutines/Continuation.kt:45)
	at ScheduledMessageQueue.protoOf.process_myqcf5(/mnt/agent/work/44ec6e850d5c63f0/kotlinx-coroutines-core/jsAndWasmJsShared/src/internal/JSDispatcher.kt:127)
	at &lt;global&gt;.&lt;unknown&gt;(/mnt/agent/work/44ec6e850d5c63f0/kotlinx-coroutines-core/js/src/JSDispatcher.kt:21)
	at &lt;global&gt;.processTicksAndRejections(node:internal/process/task_queues:77)
</failure>
  </testcase>
  <testcase name="runTests_withNoUserId_doesNotEmitEvent[js, node]" classname="com.agnes.nexus.core.domain.actions.ForgeActionsTest" time="0.0"/>
  <testcase name="draftCommunication_emitsForgeCommsDraftedEvent[js, node]" classname="com.agnes.nexus.core.domain.actions.ForgeActionsTest" time="0.001"/>
  <testcase name="draftCommunication_usesDefaultToneWhenBlank[js, node]" classname="com.agnes.nexus.core.domain.actions.ForgeActionsTest" time="0.001">
    <failure message="AssertionError: Default tone should be 'formal'. Expected &lt;formal&gt;, actual &lt;&gt;." type="AssertionError">AssertionError: Default tone should be 'formal'. Expected &lt;formal&gt;, actual &lt;&gt;.
	at DefaultJsAsserter.protoOf.assertTrue_rpw5fg(/Users/raj-13766/Desktop/nexus/cortex-logic/build/compileSync/js/test/testDevelopmentExecutable/kotlin/js/src/main/kotlin/kotlin/test/JsImpl.kt:23)
	at DefaultJsAsserter.assertEquals(/Users/raj-13766/Desktop/nexus/cortex-logic/build/compileSync/js/test/testDevelopmentExecutable/kotlin/common/src/main/kotlin/kotlin/test/Assertions.kt:713)
	at DefaultJsAsserter.protoOf.assertEquals_ldumo(/Users/raj-13766/Desktop/nexus/cortex-logic/build/compileSync/js/test/testDevelopmentExecutable/kotlin/js/src/main/kotlin/kotlin/test/DefaultJsAsserter.kt:27)
	at &lt;global&gt;.assertEquals(/Users/raj-13766/Desktop/nexus/cortex-logic/build/compileSync/js/test/testDevelopmentExecutable/kotlin/common/src/main/kotlin/kotlin/test/Assertions.kt:63)
	at slambda.protoOf.doResume_5yljmg(/Users/raj-13766/Desktop/nexus/cortex-logic/src/commonTest/kotlin/com/agnes/nexus/core/domain/actions/ForgeActionsTest.kt:295)
	at slambda.protoOf.invoke_blawzt(kotlin/cortex-test.js:6475)
	at slambda.$testBody(kotlin/cortex-test.js:6547)
	at slambda.protoOf.doResume_5yljmg(/mnt/agent/work/44ec6e850d5c63f0/kotlinx-coroutines-test/common/src/TestBuilders.kt:318)
	at slambda.protoOf.resumeWith_b9cu3x(/Users/raj-13766/Desktop/nexus/cortex-logic/build/compileSync/js/test/testDevelopmentExecutable/kotlin/js/src/kotlin/coroutines/CoroutineImpl.kt:42)
	at slambda.protoOf.resumeWith_dtxwbr(kotlin/kotlin-kotlin-stdlib.js:9869)
	at DispatchedContinuation.protoOf.run_mvkpxh(/Users/raj-13766/Desktop/nexus/cortex-logic/build/compileSync/js/test/testDevelopmentExecutable/kotlin/src/kotlin/coroutines/Continuation.kt:45)
	at StandardTestDispatcherImpl.protoOf.processEvent_53mmqp(/mnt/agent/work/44ec6e850d5c63f0/kotlinx-coroutines-test/common/src/TestDispatcher.kt:24)
	at TestCoroutineScheduler.protoOf.tryRunNextTaskUnless_463vnb(/mnt/agent/work/44ec6e850d5c63f0/kotlinx-coroutines-test/common/src/TestCoroutineScheduler.kt:99)
	at slambda_1.protoOf.doResume_5yljmg(/mnt/agent/work/44ec6e850d5c63f0/kotlinx-coroutines-test/common/src/TestBuilders.kt:327)
	at slambda_1.protoOf.invoke_d9fzmj(kotlin/kotlinx-coroutines-test.js:411)
	at &lt;global&gt;.l(kotlin/kotlinx-coroutines-test.js:487)
	at 1.protoOf.doResume_5yljmg(/Users/raj-13766/Desktop/nexus/cortex-logic/build/compileSync/js/test/testDevelopmentExecutable/kotlin/js/src/kotlin/coroutines/intrinsics/IntrinsicsJs.kt:194)
	at 1.protoOf.resumeWith_b9cu3x(/Users/raj-13766/Desktop/nexus/cortex-logic/build/compileSync/js/test/testDevelopmentExecutable/kotlin/js/src/kotlin/coroutines/CoroutineImpl.kt:42)
	at 1.protoOf.resumeWith_dtxwbr(kotlin/kotlin-kotlin-stdlib.js:9869)
	at DispatchedContinuation.protoOf.run_mvkpxh(/Users/raj-13766/Desktop/nexus/cortex-logic/build/compileSync/js/test/testDevelopmentExecutable/kotlin/src/kotlin/coroutines/Continuation.kt:45)
	at ScheduledMessageQueue.protoOf.process_myqcf5(/mnt/agent/work/44ec6e850d5c63f0/kotlinx-coroutines-core/jsAndWasmJsShared/src/internal/JSDispatcher.kt:127)
	at &lt;global&gt;.&lt;unknown&gt;(/mnt/agent/work/44ec6e850d5c63f0/kotlinx-coroutines-core/js/src/JSDispatcher.kt:21)
	at &lt;global&gt;.processTicksAndRejections(node:internal/process/task_queues:77)
</failure>
  </testcase>
  <testcase name="draftDocument_emitsForgeArtifactCreatedEvent[js, node]" classname="com.agnes.nexus.core.domain.actions.ForgeActionsTest" time="0.001">
    <failure message="AssertionError: Expected &lt;report&gt;, actual &lt;null&gt;." type="AssertionError">AssertionError: Expected &lt;report&gt;, actual &lt;null&gt;.
	at DefaultJsAsserter.protoOf.assertTrue_rpw5fg(/Users/raj-13766/Desktop/nexus/cortex-logic/build/compileSync/js/test/testDevelopmentExecutable/kotlin/js/src/main/kotlin/kotlin/test/JsImpl.kt:23)
	at DefaultJsAsserter.assertEquals(/Users/raj-13766/Desktop/nexus/cortex-logic/build/compileSync/js/test/testDevelopmentExecutable/kotlin/common/src/main/kotlin/kotlin/test/Assertions.kt:713)
	at DefaultJsAsserter.protoOf.assertEquals_ldumo(/Users/raj-13766/Desktop/nexus/cortex-logic/build/compileSync/js/test/testDevelopmentExecutable/kotlin/js/src/main/kotlin/kotlin/test/DefaultJsAsserter.kt:27)
	at &lt;global&gt;.assertEquals(/Users/raj-13766/Desktop/nexus/cortex-logic/build/compileSync/js/test/testDevelopmentExecutable/kotlin/common/src/main/kotlin/kotlin/test/Assertions.kt:63)
	at slambda.protoOf.doResume_5yljmg(/Users/raj-13766/Desktop/nexus/cortex-logic/src/commonTest/kotlin/com/agnes/nexus/core/domain/actions/ForgeActionsTest.kt:317)
	at slambda.protoOf.invoke_blawzt(kotlin/cortex-test.js:6560)
	at slambda.$testBody(kotlin/cortex-test.js:6634)
	at slambda.protoOf.doResume_5yljmg(/mnt/agent/work/44ec6e850d5c63f0/kotlinx-coroutines-test/common/src/TestBuilders.kt:318)
	at slambda.protoOf.resumeWith_b9cu3x(/Users/raj-13766/Desktop/nexus/cortex-logic/build/compileSync/js/test/testDevelopmentExecutable/kotlin/js/src/kotlin/coroutines/CoroutineImpl.kt:42)
	at slambda.protoOf.resumeWith_dtxwbr(kotlin/kotlin-kotlin-stdlib.js:9869)
	at DispatchedContinuation.protoOf.run_mvkpxh(/Users/raj-13766/Desktop/nexus/cortex-logic/build/compileSync/js/test/testDevelopmentExecutable/kotlin/src/kotlin/coroutines/Continuation.kt:45)
	at StandardTestDispatcherImpl.protoOf.processEvent_53mmqp(/mnt/agent/work/44ec6e850d5c63f0/kotlinx-coroutines-test/common/src/TestDispatcher.kt:24)
	at TestCoroutineScheduler.protoOf.tryRunNextTaskUnless_463vnb(/mnt/agent/work/44ec6e850d5c63f0/kotlinx-coroutines-test/common/src/TestCoroutineScheduler.kt:99)
	at slambda_1.protoOf.doResume_5yljmg(/mnt/agent/work/44ec6e850d5c63f0/kotlinx-coroutines-test/common/src/TestBuilders.kt:327)
	at slambda_1.protoOf.invoke_d9fzmj(kotlin/kotlinx-coroutines-test.js:411)
	at &lt;global&gt;.l(kotlin/kotlinx-coroutines-test.js:487)
	at 1.protoOf.doResume_5yljmg(/Users/raj-13766/Desktop/nexus/cortex-logic/build/compileSync/js/test/testDevelopmentExecutable/kotlin/js/src/kotlin/coroutines/intrinsics/IntrinsicsJs.kt:194)
	at 1.protoOf.resumeWith_b9cu3x(/Users/raj-13766/Desktop/nexus/cortex-logic/build/compileSync/js/test/testDevelopmentExecutable/kotlin/js/src/kotlin/coroutines/CoroutineImpl.kt:42)
	at 1.protoOf.resumeWith_dtxwbr(kotlin/kotlin-kotlin-stdlib.js:9869)
	at DispatchedContinuation.protoOf.run_mvkpxh(/Users/raj-13766/Desktop/nexus/cortex-logic/build/compileSync/js/test/testDevelopmentExecutable/kotlin/src/kotlin/coroutines/Continuation.kt:45)
	at ScheduledMessageQueue.protoOf.process_myqcf5(/mnt/agent/work/44ec6e850d5c63f0/kotlinx-coroutines-core/jsAndWasmJsShared/src/internal/JSDispatcher.kt:127)
	at &lt;global&gt;.&lt;unknown&gt;(/mnt/agent/work/44ec6e850d5c63f0/kotlinx-coroutines-core/js/src/JSDispatcher.kt:21)
	at &lt;global&gt;.processTicksAndRejections(node:internal/process/task_queues:77)
</failure>
  </testcase>
  <testcase name="draftDocument_withDefaultTemplateType_emitsEvent[js, node]" classname="com.agnes.nexus.core.domain.actions.ForgeActionsTest" time="0.001">
    <failure message="AssertionError: Default templateType should be 'document'. Expected &lt;document&gt;, actual &lt;null&gt;." type="AssertionError">AssertionError: Default templateType should be 'document'. Expected &lt;document&gt;, actual &lt;null&gt;.
	at DefaultJsAsserter.protoOf.assertTrue_rpw5fg(/Users/raj-13766/Desktop/nexus/cortex-logic/build/compileSync/js/test/testDevelopmentExecutable/kotlin/js/src/main/kotlin/kotlin/test/JsImpl.kt:23)
	at DefaultJsAsserter.assertEquals(/Users/raj-13766/Desktop/nexus/cortex-logic/build/compileSync/js/test/testDevelopmentExecutable/kotlin/common/src/main/kotlin/kotlin/test/Assertions.kt:713)
	at DefaultJsAsserter.protoOf.assertEquals_ldumo(/Users/raj-13766/Desktop/nexus/cortex-logic/build/compileSync/js/test/testDevelopmentExecutable/kotlin/js/src/main/kotlin/kotlin/test/DefaultJsAsserter.kt:27)
	at &lt;global&gt;.assertEquals(/Users/raj-13766/Desktop/nexus/cortex-logic/build/compileSync/js/test/testDevelopmentExecutable/kotlin/common/src/main/kotlin/kotlin/test/Assertions.kt:63)
	at slambda.protoOf.doResume_5yljmg(/Users/raj-13766/Desktop/nexus/cortex-logic/src/commonTest/kotlin/com/agnes/nexus/core/domain/actions/ForgeActionsTest.kt:334)
	at slambda.protoOf.invoke_blawzt(kotlin/cortex-test.js:6647)
	at slambda.$testBody(kotlin/cortex-test.js:6717)
	at slambda.protoOf.doResume_5yljmg(/mnt/agent/work/44ec6e850d5c63f0/kotlinx-coroutines-test/common/src/TestBuilders.kt:318)
	at slambda.protoOf.resumeWith_b9cu3x(/Users/raj-13766/Desktop/nexus/cortex-logic/build/compileSync/js/test/testDevelopmentExecutable/kotlin/js/src/kotlin/coroutines/CoroutineImpl.kt:42)
	at slambda.protoOf.resumeWith_dtxwbr(kotlin/kotlin-kotlin-stdlib.js:9869)
	at DispatchedContinuation.protoOf.run_mvkpxh(/Users/raj-13766/Desktop/nexus/cortex-logic/build/compileSync/js/test/testDevelopmentExecutable/kotlin/src/kotlin/coroutines/Continuation.kt:45)
	at StandardTestDispatcherImpl.protoOf.processEvent_53mmqp(/mnt/agent/work/44ec6e850d5c63f0/kotlinx-coroutines-test/common/src/TestDispatcher.kt:24)
	at TestCoroutineScheduler.protoOf.tryRunNextTaskUnless_463vnb(/mnt/agent/work/44ec6e850d5c63f0/kotlinx-coroutines-test/common/src/TestCoroutineScheduler.kt:99)
	at slambda_1.protoOf.doResume_5yljmg(/mnt/agent/work/44ec6e850d5c63f0/kotlinx-coroutines-test/common/src/TestBuilders.kt:327)
	at slambda_1.protoOf.invoke_d9fzmj(kotlin/kotlinx-coroutines-test.js:411)
	at &lt;global&gt;.l(kotlin/kotlinx-coroutines-test.js:487)
	at 1.protoOf.doResume_5yljmg(/Users/raj-13766/Desktop/nexus/cortex-logic/build/compileSync/js/test/testDevelopmentExecutable/kotlin/js/src/kotlin/coroutines/intrinsics/IntrinsicsJs.kt:194)
	at 1.protoOf.resumeWith_b9cu3x(/Users/raj-13766/Desktop/nexus/cortex-logic/build/compileSync/js/test/testDevelopmentExecutable/kotlin/js/src/kotlin/coroutines/CoroutineImpl.kt:42)
	at 1.protoOf.resumeWith_dtxwbr(kotlin/kotlin-kotlin-stdlib.js:9869)
	at DispatchedContinuation.protoOf.run_mvkpxh(/Users/raj-13766/Desktop/nexus/cortex-logic/build/compileSync/js/test/testDevelopmentExecutable/kotlin/src/kotlin/coroutines/Continuation.kt:45)
	at ScheduledMessageQueue.protoOf.process_myqcf5(/mnt/agent/work/44ec6e850d5c63f0/kotlinx-coroutines-core/jsAndWasmJsShared/src/internal/JSDispatcher.kt:127)
	at &lt;global&gt;.&lt;unknown&gt;(/mnt/agent/work/44ec6e850d5c63f0/kotlinx-coroutines-core/js/src/JSDispatcher.kt:21)
	at &lt;global&gt;.processTicksAndRejections(node:internal/process/task_queues:77)
</failure>
  </testcase>
  <testcase name="scheduleLifeTask_emitsVitalUpdatedEvent[js, node]" classname="com.agnes.nexus.core.domain.actions.ForgeActionsTest" time="0.001">
    <failure message="AssertionError: Expected &lt;Book dentist appointment&gt;, actual &lt;null&gt;." type="AssertionError">AssertionError: Expected &lt;Book dentist appointment&gt;, actual &lt;null&gt;.
	at DefaultJsAsserter.protoOf.assertTrue_rpw5fg(/Users/raj-13766/Desktop/nexus/cortex-logic/build/compileSync/js/test/testDevelopmentExecutable/kotlin/js/src/main/kotlin/kotlin/test/JsImpl.kt:23)
	at DefaultJsAsserter.assertEquals(/Users/raj-13766/Desktop/nexus/cortex-logic/build/compileSync/js/test/testDevelopmentExecutable/kotlin/common/src/main/kotlin/kotlin/test/Assertions.kt:713)
	at DefaultJsAsserter.protoOf.assertEquals_ldumo(/Users/raj-13766/Desktop/nexus/cortex-logic/build/compileSync/js/test/testDevelopmentExecutable/kotlin/js/src/main/kotlin/kotlin/test/DefaultJsAsserter.kt:27)
	at &lt;global&gt;.assertEquals(/Users/raj-13766/Desktop/nexus/cortex-logic/build/compileSync/js/test/testDevelopmentExecutable/kotlin/common/src/main/kotlin/kotlin/test/Assertions.kt:63)
	at slambda.protoOf.doResume_5yljmg(/Users/raj-13766/Desktop/nexus/cortex-logic/src/commonTest/kotlin/com/agnes/nexus/core/domain/actions/ForgeActionsTest.kt:354)
	at slambda.protoOf.invoke_blawzt(kotlin/cortex-test.js:6730)
	at slambda.$testBody(kotlin/cortex-test.js:6805)
	at slambda.protoOf.doResume_5yljmg(/mnt/agent/work/44ec6e850d5c63f0/kotlinx-coroutines-test/common/src/TestBuilders.kt:318)
	at slambda.protoOf.resumeWith_b9cu3x(/Users/raj-13766/Desktop/nexus/cortex-logic/build/compileSync/js/test/testDevelopmentExecutable/kotlin/js/src/kotlin/coroutines/CoroutineImpl.kt:42)
	at slambda.protoOf.resumeWith_dtxwbr(kotlin/kotlin-kotlin-stdlib.js:9869)
	at DispatchedContinuation.protoOf.run_mvkpxh(/Users/raj-13766/Desktop/nexus/cortex-logic/build/compileSync/js/test/testDevelopmentExecutable/kotlin/src/kotlin/coroutines/Continuation.kt:45)
	at StandardTestDispatcherImpl.protoOf.processEvent_53mmqp(/mnt/agent/work/44ec6e850d5c63f0/kotlinx-coroutines-test/common/src/TestDispatcher.kt:24)
	at TestCoroutineScheduler.protoOf.tryRunNextTaskUnless_463vnb(/mnt/agent/work/44ec6e850d5c63f0/kotlinx-coroutines-test/common/src/TestCoroutineScheduler.kt:99)
	at slambda_1.protoOf.doResume_5yljmg(/mnt/agent/work/44ec6e850d5c63f0/kotlinx-coroutines-test/common/src/TestBuilders.kt:327)
	at slambda_1.protoOf.invoke_d9fzmj(kotlin/kotlinx-coroutines-test.js:411)
	at &lt;global&gt;.l(kotlin/kotlinx-coroutines-test.js:487)
	at 1.protoOf.doResume_5yljmg(/Users/raj-13766/Desktop/nexus/cortex-logic/build/compileSync/js/test/testDevelopmentExecutable/kotlin/js/src/kotlin/coroutines/intrinsics/IntrinsicsJs.kt:194)
	at 1.protoOf.resumeWith_b9cu3x(/Users/raj-13766/Desktop/nexus/cortex-logic/build/compileSync/js/test/testDevelopmentExecutable/kotlin/js/src/kotlin/coroutines/CoroutineImpl.kt:42)
	at 1.protoOf.resumeWith_dtxwbr(kotlin/kotlin-kotlin-stdlib.js:9869)
	at DispatchedContinuation.protoOf.run_mvkpxh(/Users/raj-13766/Desktop/nexus/cortex-logic/build/compileSync/js/test/testDevelopmentExecutable/kotlin/src/kotlin/coroutines/Continuation.kt:45)
	at ScheduledMessageQueue.protoOf.process_myqcf5(/mnt/agent/work/44ec6e850d5c63f0/kotlinx-coroutines-core/jsAndWasmJsShared/src/internal/JSDispatcher.kt:127)
	at &lt;global&gt;.&lt;unknown&gt;(/mnt/agent/work/44ec6e850d5c63f0/kotlinx-coroutines-core/js/src/JSDispatcher.kt:21)
	at &lt;global&gt;.processTicksAndRejections(node:internal/process/task_queues:77)
</failure>
  </testcase>
  <testcase name="scheduleLifeTask_withMinimalPayload_emitsEvent[js, node]" classname="com.agnes.nexus.core.domain.actions.ForgeActionsTest" time="0.001">
    <failure message="AssertionError: Expected &lt;Buy groceries&gt;, actual &lt;null&gt;." type="AssertionError">AssertionError: Expected &lt;Buy groceries&gt;, actual &lt;null&gt;.
	at DefaultJsAsserter.protoOf.assertTrue_rpw5fg(/Users/raj-13766/Desktop/nexus/cortex-logic/build/compileSync/js/test/testDevelopmentExecutable/kotlin/js/src/main/kotlin/kotlin/test/JsImpl.kt:23)
	at DefaultJsAsserter.assertEquals(/Users/raj-13766/Desktop/nexus/cortex-logic/build/compileSync/js/test/testDevelopmentExecutable/kotlin/common/src/main/kotlin/kotlin/test/Assertions.kt:713)
	at DefaultJsAsserter.protoOf.assertEquals_ldumo(/Users/raj-13766/Desktop/nexus/cortex-logic/build/compileSync/js/test/testDevelopmentExecutable/kotlin/js/src/main/kotlin/kotlin/test/DefaultJsAsserter.kt:27)
	at &lt;global&gt;.assertEquals(/Users/raj-13766/Desktop/nexus/cortex-logic/build/compileSync/js/test/testDevelopmentExecutable/kotlin/common/src/main/kotlin/kotlin/test/Assertions.kt:63)
	at slambda.protoOf.doResume_5yljmg(/Users/raj-13766/Desktop/nexus/cortex-logic/src/commonTest/kotlin/com/agnes/nexus/core/domain/actions/ForgeActionsTest.kt:372)
	at slambda.protoOf.invoke_blawzt(kotlin/cortex-test.js:6818)
	at slambda.$testBody(kotlin/cortex-test.js:6887)
	at slambda.protoOf.doResume_5yljmg(/mnt/agent/work/44ec6e850d5c63f0/kotlinx-coroutines-test/common/src/TestBuilders.kt:318)
	at slambda.protoOf.resumeWith_b9cu3x(/Users/raj-13766/Desktop/nexus/cortex-logic/build/compileSync/js/test/testDevelopmentExecutable/kotlin/js/src/kotlin/coroutines/CoroutineImpl.kt:42)
	at slambda.protoOf.resumeWith_dtxwbr(kotlin/kotlin-kotlin-stdlib.js:9869)
	at DispatchedContinuation.protoOf.run_mvkpxh(/Users/raj-13766/Desktop/nexus/cortex-logic/build/compileSync/js/test/testDevelopmentExecutable/kotlin/src/kotlin/coroutines/Continuation.kt:45)
	at StandardTestDispatcherImpl.protoOf.processEvent_53mmqp(/mnt/agent/work/44ec6e850d5c63f0/kotlinx-coroutines-test/common/src/TestDispatcher.kt:24)
	at TestCoroutineScheduler.protoOf.tryRunNextTaskUnless_463vnb(/mnt/agent/work/44ec6e850d5c63f0/kotlinx-coroutines-test/common/src/TestCoroutineScheduler.kt:99)
	at slambda_1.protoOf.doResume_5yljmg(/mnt/agent/work/44ec6e850d5c63f0/kotlinx-coroutines-test/common/src/TestBuilders.kt:327)
	at slambda_1.protoOf.invoke_d9fzmj(kotlin/kotlinx-coroutines-test.js:411)
	at &lt;global&gt;.l(kotlin/kotlinx-coroutines-test.js:487)
	at 1.protoOf.doResume_5yljmg(/Users/raj-13766/Desktop/nexus/cortex-logic/build/compileSync/js/test/testDevelopmentExecutable/kotlin/js/src/kotlin/coroutines/intrinsics/IntrinsicsJs.kt:194)
	at 1.protoOf.resumeWith_b9cu3x(/Users/raj-13766/Desktop/nexus/cortex-logic/build/compileSync/js/test/testDevelopmentExecutable/kotlin/js/src/kotlin/coroutines/CoroutineImpl.kt:42)
	at 1.protoOf.resumeWith_dtxwbr(kotlin/kotlin-kotlin-stdlib.js:9869)
	at DispatchedContinuation.protoOf.run_mvkpxh(/Users/raj-13766/Desktop/nexus/cortex-logic/build/compileSync/js/test/testDevelopmentExecutable/kotlin/src/kotlin/coroutines/Continuation.kt:45)
	at ScheduledMessageQueue.protoOf.process_myqcf5(/mnt/agent/work/44ec6e850d5c63f0/kotlinx-coroutines-core/jsAndWasmJsShared/src/internal/JSDispatcher.kt:127)
	at &lt;global&gt;.&lt;unknown&gt;(/mnt/agent/work/44ec6e850d5c63f0/kotlinx-coroutines-core/js/src/JSDispatcher.kt:21)
	at &lt;global&gt;.processTicksAndRejections(node:internal/process/task_queues:77)
</failure>
  </testcase>
  <testcase name="logExecution_withValidPayload_doesNotThrow[js, node]" classname="com.agnes.nexus.core.domain.actions.ForgeActionsTest" time="0.0"/>
  <testcase name="executeCode_withBlankCode_doesNotCrash[js, node]" classname="com.agnes.nexus.core.domain.actions.ForgeActionsTest" time="0.001"/>
  <testcase name="executeCode_withValidCode_queuesExecution[js, node]" classname="com.agnes.nexus.core.domain.actions.ForgeActionsTest" time="0.0"/>
  <system-out><![CDATA[]]></system-out>
  <system-err><![CDATA[]]></system-err>
</testsuite>
