<?xml version="1.0" encoding="UTF-8"?>
<testsuite name="com.agnes.nexus.core.domain.services.NexusRoutingServiceTest" tests="37" skipped="0" failures="1" errors="0" timestamp="2026-04-03T12:17:25.360Z" hostname="raj-13766" time="0.058">
  <properties/>
  <testcase name="decideRoute_workoutKeyword_routesToTitan[js, node]" classname="com.agnes.nexus.core.domain.services.NexusRoutingServiceTest" time="0.033">
    <failure message="AssertionError: Rationale should indicate workout match" type="AssertionError">AssertionError: Rationale should indicate workout match
	at DefaultJsAsserter.protoOf.assertTrue_rpw5fg(/Users/raj-13766/Desktop/nexus/cortex-logic/build/compileSync/js/test/testDevelopmentExecutable/kotlin/js/src/main/kotlin/kotlin/test/JsImpl.kt:23)
	at DefaultJsAsserter.protoOf.assertTrue_dqb114(/Users/raj-13766/Desktop/nexus/cortex-logic/build/compileSync/js/test/testDevelopmentExecutable/kotlin/js/src/main/kotlin/kotlin/test/DefaultJsAsserter.kt:67)
	at &lt;global&gt;.assertTrue(/Users/raj-13766/Desktop/nexus/cortex-logic/build/compileSync/js/test/testDevelopmentExecutable/kotlin/common/src/main/kotlin/kotlin/test/Assertions.kt:44)
	at NexusRoutingServiceTest.protoOf.decideRoute_workoutKeyword_routesToTitan_dxn8wu(/Users/raj-13766/Desktop/nexus/cortex-logic/src/commonTest/kotlin/com/agnes/nexus/core/domain/services/NexusRoutingServiceTest.kt:29)
	at &lt;global&gt;.fn(kotlin/cortex-test.js:17657)
	at Context.&lt;anonymous&gt;(/Users/raj-13766/Desktop/nexus/cortex-logic/build/js/node_modules/kotlin-web-helpers/src/KotlinTestTeamCityConsoleAdapter.ts:72)
	at &lt;global&gt;.processImmediate(node:internal/timers:478)
</failure>
  </testcase>
  <testcase name="decideRoute_trainingKeyword_routesToTitan[js, node]" classname="com.agnes.nexus.core.domain.services.NexusRoutingServiceTest" time="0.003"/>
  <testcase name="decideRoute_gymKeyword_routesToTitan[js, node]" classname="com.agnes.nexus.core.domain.services.NexusRoutingServiceTest" time="0.001"/>
  <testcase name="decideRoute_anxietyKeyword_routesToAgnes[js, node]" classname="com.agnes.nexus.core.domain.services.NexusRoutingServiceTest" time="0.0"/>
  <testcase name="decideRoute_emotionKeyword_routesToAgnes[js, node]" classname="com.agnes.nexus.core.domain.services.NexusRoutingServiceTest" time="0.003"/>
  <testcase name="decideRoute_therapyKeyword_routesToAgnes[js, node]" classname="com.agnes.nexus.core.domain.services.NexusRoutingServiceTest" time="0.001"/>
  <testcase name="decideRoute_depressionKeyword_routesToAgnes[js, node]" classname="com.agnes.nexus.core.domain.services.NexusRoutingServiceTest" time="0.0"/>
  <testcase name="decideRoute_budgetKeyword_routesToLedger[js, node]" classname="com.agnes.nexus.core.domain.services.NexusRoutingServiceTest" time="0.001"/>
  <testcase name="decideRoute_expenseKeyword_routesToLedger[js, node]" classname="com.agnes.nexus.core.domain.services.NexusRoutingServiceTest" time="0.002"/>
  <testcase name="decideRoute_savingsKeyword_routesToLedger[js, node]" classname="com.agnes.nexus.core.domain.services.NexusRoutingServiceTest" time="0.001"/>
  <testcase name="decideRoute_debtKeyword_routesToLedger[js, node]" classname="com.agnes.nexus.core.domain.services.NexusRoutingServiceTest" time="0.0"/>
  <testcase name="decideRoute_noMatch_routesToOrchestrator[js, node]" classname="com.agnes.nexus.core.domain.services.NexusRoutingServiceTest" time="0.0"/>
  <testcase name="decideRoute_randomText_routesToOrchestrator[js, node]" classname="com.agnes.nexus.core.domain.services.NexusRoutingServiceTest" time="0.0"/>
  <testcase name="decideRoute_emptyString_routesToOrchestrator[js, node]" classname="com.agnes.nexus.core.domain.services.NexusRoutingServiceTest" time="0.0"/>
  <testcase name="decideRoute_customFallback_usesCustomFallback[js, node]" classname="com.agnes.nexus.core.domain.services.NexusRoutingServiceTest" time="0.0"/>
  <testcase name="decideRoute_multipleMatches_highestScoreWins[js, node]" classname="com.agnes.nexus.core.domain.services.NexusRoutingServiceTest" time="0.001"/>
  <testcase name="decideRoute_multipleKeywordsSameModule_accumulatesScore[js, node]" classname="com.agnes.nexus.core.domain.services.NexusRoutingServiceTest" time="0.0"/>
  <testcase name="decideRoute_competingModules_higherWeightWins[js, node]" classname="com.agnes.nexus.core.domain.services.NexusRoutingServiceTest" time="0.0"/>
  <testcase name="decideRoute_compoundPhrase_higherWeight[js, node]" classname="com.agnes.nexus.core.domain.services.NexusRoutingServiceTest" time="0.0"/>
  <testcase name="decideRoute_mentalHealthCompound_routesToAgnes[js, node]" classname="com.agnes.nexus.core.domain.services.NexusRoutingServiceTest" time="0.001"/>
  <testcase name="decideRoute_weekPlanCompound_routesToAtlas[js, node]" classname="com.agnes.nexus.core.domain.services.NexusRoutingServiceTest" time="0.0"/>
  <testcase name="decideRoute_heartRateCompound_routesToSoma[js, node]" classname="com.agnes.nexus.core.domain.services.NexusRoutingServiceTest" time="0.0"/>
  <testcase name="decideRoute_researchKeyword_routesToScout[js, node]" classname="com.agnes.nexus.core.domain.services.NexusRoutingServiceTest" time="0.0"/>
  <testcase name="decideRoute_codeKeyword_routesToForge[js, node]" classname="com.agnes.nexus.core.domain.services.NexusRoutingServiceTest" time="0.001"/>
  <testcase name="decideRoute_scheduleKeyword_routesToAtlas[js, node]" classname="com.agnes.nexus.core.domain.services.NexusRoutingServiceTest" time="0.0"/>
  <testcase name="decideRoute_sleepScoreCompound_routesToSoma[js, node]" classname="com.agnes.nexus.core.domain.services.NexusRoutingServiceTest" time="0.0"/>
  <testcase name="decideRoute_energyPlanCompound_routesToAtlas[js, node]" classname="com.agnes.nexus.core.domain.services.NexusRoutingServiceTest" time="0.001"/>
  <testcase name="decideRoute_caseInsensitive_workout[js, node]" classname="com.agnes.nexus.core.domain.services.NexusRoutingServiceTest" time="0.0"/>
  <testcase name="decideRoute_caseInsensitive_anxiety[js, node]" classname="com.agnes.nexus.core.domain.services.NexusRoutingServiceTest" time="0.0"/>
  <testcase name="getRoute_validModuleId_returnsRoute[js, node]" classname="com.agnes.nexus.core.domain.services.NexusRoutingServiceTest" time="0.001"/>
  <testcase name="getRoute_invalidModuleId_returnsInput[js, node]" classname="com.agnes.nexus.core.domain.services.NexusRoutingServiceTest" time="0.0"/>
  <testcase name="decideRoute_confidenceIncreasesWithScore[js, node]" classname="com.agnes.nexus.core.domain.services.NexusRoutingServiceTest" time="0.0"/>
  <testcase name="decideRoute_confidenceCappedAt92[js, node]" classname="com.agnes.nexus.core.domain.services.NexusRoutingServiceTest" time="0.0"/>
  <testcase name="decideRoute_defaultFallbackHasLowConfidence[js, node]" classname="com.agnes.nexus.core.domain.services.NexusRoutingServiceTest" time="0.001"/>
  <testcase name="parseCommand_extractsStructuredScheduleIntent[js, node]" classname="com.agnes.nexus.core.domain.services.NexusRoutingServiceTest" time="0.002"/>
  <testcase name="decideRoute_consultativeMentionStaysWithNexus[js, node]" classname="com.agnes.nexus.core.domain.services.NexusRoutingServiceTest" time="0.001"/>
  <testcase name="decideRoute_ownershipMentionDelegatesToMentionedModule[js, node]" classname="com.agnes.nexus.core.domain.services.NexusRoutingServiceTest" time="0.0"/>
  <system-out><![CDATA[]]></system-out>
  <system-err><![CDATA[]]></system-err>
</testsuite>
